ERROR:stderr:/home/jawblade/Projects/Venvs/follow-me/lib/python3.12/site-packages/urllib3/connectionpool.py:1097: InsecureRequestWarning: Unverified HTTPS request is being made to host '192.168.80.3'. Adding certificate verification is strongly advised. See: https://urllib3.readthedocs.io/en/latest/advanced-usage.html#tls-warnings
  warnings.warn(

INFO:aioice.ice:Connection(0) Check CandidatePair(('192.168.80.102', 50346) -> ('192.168.50.6', 31049)) State.FROZEN -> State.WAITING
INFO:aioice.ice:Connection(0) Check CandidatePair(('192.168.80.102', 50346) -> ('192.168.80.3', 31036)) State.FROZEN -> State.WAITING
ERROR:stderr:/home/jawblade/Projects/Venvs/follow-me/lib/python3.12/site-packages/urllib3/connectionpool.py:1097: InsecureRequestWarning: Unverified HTTPS request is being made to host '192.168.80.3'. Adding certificate verification is strongly advised. See: https://urllib3.readthedocs.io/en/latest/advanced-usage.html#tls-warnings
  warnings.warn(

INFO:aioice.ice:Connection(0) Check CandidatePair(('192.168.80.102', 50346) -> ('192.168.50.6', 31049)) State.WAITING -> State.IN_PROGRESS
INFO:aioice.ice:Connection(0) Check CandidatePair(('192.168.80.102', 50346) -> ('192.168.80.3', 31036)) State.WAITING -> State.IN_PROGRESS
INFO:aioice.ice:Connection(0) Discovered peer reflexive candidate Candidate(qCSftqnuOg 1 udp 2130706431 192.168.80.3 31049 typ prflx)
INFO:aioice.ice:Connection(0) Check CandidatePair(('192.168.80.102', 50346) -> ('192.168.80.3', 31049)) State.WAITING -> State.IN_PROGRESS
INFO:aioice.ice:Connection(0) Discovered peer reflexive candidate Candidate(ZYGRQsiALM 1 udp 1694498815 192.168.80.3 31077 typ prflx)
INFO:aioice.ice:Connection(0) Check CandidatePair(('192.168.80.102', 50346) -> ('192.168.80.3', 31077)) State.WAITING -> State.IN_PROGRESS
INFO:aioice.ice:Connection(0) Check CandidatePair(('192.168.80.102', 50346) -> ('192.168.80.3', 31036)) State.IN_PROGRESS -> State.SUCCEEDED
INFO:aioice.ice:Connection(0) Check CandidatePair(('192.168.80.102', 50346) -> ('10.0.0.3', 31077)) State.FROZEN -> State.WAITING
INFO:aioice.ice:Connection(0) Check CandidatePair(('192.168.80.102', 50346) -> ('192.168.80.3', 31049)) State.IN_PROGRESS -> State.SUCCEEDED
INFO:aioice.ice:Connection(0) Check CandidatePair(('192.168.80.102', 50346) -> ('10.0.0.3', 31077)) State.WAITING -> State.FAILED
INFO:aioice.ice:Connection(0) ICE completed
INFO:aioice.ice:Connection(0) Check CandidatePair(('192.168.80.102', 50346) -> ('192.168.80.3', 31077)) State.IN_PROGRESS -> State.SUCCEEDED
WARNING:aiortc.codecs.h264:H264Decoder() failed to decode, skipping package: [Errno 1094995529] Invalid data found when processing input: 'avcodec_send_packet()'
WARNING:aiortc.codecs.h264:H264Decoder() failed to decode, skipping package: [Errno 1094995529] Invalid data found when processing input: 'avcodec_send_packet()'
WARNING:aiortc.codecs.h264:H264Decoder() failed to decode, skipping package: [Errno 1094995529] Invalid data found when processing input: 'avcodec_send_packet()'
WARNING:aiortc.codecs.h264:H264Decoder() failed to decode, skipping package: [Errno 1094995529] Invalid data found when processing input: 'avcodec_send_packet()'
WARNING:aiortc.codecs.h264:H264Decoder() failed to decode, skipping package: [Errno 1094995529] Invalid data found when processing input: 'avcodec_send_packet()'
WARNING:aiortc.codecs.h264:H264Decoder() failed to decode, skipping package: [Errno 1094995529] Invalid data found when processing input: 'avcodec_send_packet()'
WARNING:aiortc.codecs.h264:H264Decoder() failed to decode, skipping package: [Errno 1094995529] Invalid data found when processing input: 'avcodec_send_packet()'
WARNING:aiortc.codecs.h264:H264Decoder() failed to decode, skipping package: [Errno 1094995529] Invalid data found when processing input: 'avcodec_send_packet()'
WARNING:aiortc.codecs.h264:H264Decoder() failed to decode, skipping package: [Errno 1094995529] Invalid data found when processing input: 'avcodec_send_packet()'
WARNING:aiortc.codecs.h264:H264Decoder() failed to decode, skipping package: [Errno 1094995529] Invalid data found when processing input: 'avcodec_send_packet()'
WARNING:aiortc.codecs.h264:H264Decoder() failed to decode, skipping package: [Errno 1094995529] Invalid data found when processing input: 'avcodec_send_packet()'
WARNING:aiortc.codecs.h264:H264Decoder() failed to decode, skipping package: [Errno 1094995529] Invalid data found when processing input: 'avcodec_send_packet()'
WARNING:aiortc.codecs.h264:H264Decoder() failed to decode, skipping package: [Errno 1094995529] Invalid data found when processing input: 'avcodec_send_packet()'
WARNING:aiortc.codecs.h264:H264Decoder() failed to decode, skipping package: [Errno 1094995529] Invalid data found when processing input: 'avcodec_send_packet()'
WARNING:aiortc.codecs.h264:H264Decoder() failed to decode, skipping package: [Errno 1094995529] Invalid data found when processing input: 'avcodec_send_packet()'
WARNING:aiortc.codecs.h264:H264Decoder() failed to decode, skipping package: [Errno 1094995529] Invalid data found when processing input: 'avcodec_send_packet()'
WARNING:aiortc.codecs.h264:H264Decoder() failed to decode, skipping package: [Errno 1094995529] Invalid data found when processing input: 'avcodec_send_packet()'
WARNING:aiortc.codecs.h264:H264Decoder() failed to decode, skipping package: [Errno 1094995529] Invalid data found when processing input: 'avcodec_send_packet()'
WARNING:aiortc.codecs.h264:H264Decoder() failed to decode, skipping package: [Errno 1094995529] Invalid data found when processing input: 'avcodec_send_packet()'
WARNING:aiortc.codecs.h264:H264Decoder() failed to decode, skipping package: [Errno 1094995529] Invalid data found when processing input: 'avcodec_send_packet()'
WARNING:aiortc.codecs.h264:H264Decoder() failed to decode, skipping package: [Errno 1094995529] Invalid data found when processing input: 'avcodec_send_packet()'
WARNING:aiortc.codecs.h264:H264Decoder() failed to decode, skipping package: [Errno 1094995529] Invalid data found when processing input: 'avcodec_send_packet()'
WARNING:aiortc.codecs.h264:H264Decoder() failed to decode, skipping package: [Errno 1094995529] Invalid data found when processing input: 'avcodec_send_packet()'
WARNING:aiortc.codecs.h264:H264Decoder() failed to decode, skipping package: [Errno 1094995529] Invalid data found when processing input: 'avcodec_send_packet()'
WARNING:aiortc.codecs.h264:H264Decoder() failed to decode, skipping package: [Errno 1094995529] Invalid data found when processing input: 'avcodec_send_packet()'
WARNING:aiortc.codecs.h264:H264Decoder() failed to decode, skipping package: [Errno 1094995529] Invalid data found when processing input: 'avcodec_send_packet()'
WARNING:aiortc.codecs.h264:H264Decoder() failed to decode, skipping package: [Errno 1094995529] Invalid data found when processing input: 'avcodec_send_packet()'
WARNING:aiortc.codecs.h264:H264Decoder() failed to decode, skipping package: [Errno 1094995529] Invalid data found when processing input: 'avcodec_send_packet()'
WARNING:aiortc.codecs.h264:H264Decoder() failed to decode, skipping package: [Errno 1094995529] Invalid data found when processing input: 'avcodec_send_packet()'
WARNING:aiortc.codecs.h264:H264Decoder() failed to decode, skipping package: [Errno 1094995529] Invalid data found when processing input: 'avcodec_send_packet()'
WARNING:aiortc.codecs.h264:H264Decoder() failed to decode, skipping package: [Errno 1094995529] Invalid data found when processing input: 'avcodec_send_packet()'
WARNING:aiortc.codecs.h264:H264Decoder() failed to decode, skipping package: [Errno 1094995529] Invalid data found when processing input: 'avcodec_send_packet()'
WARNING:aiortc.codecs.h264:H264Decoder() failed to decode, skipping package: [Errno 1094995529] Invalid data found when processing input: 'avcodec_send_packet()'
WARNING:aiortc.codecs.h264:H264Decoder() failed to decode, skipping package: [Errno 1094995529] Invalid data found when processing input: 'avcodec_send_packet()'
WARNING:aiortc.codecs.h264:H264Decoder() failed to decode, skipping package: [Errno 1094995529] Invalid data found when processing input: 'avcodec_send_packet()'
WARNING:aiortc.codecs.h264:H264Decoder() failed to decode, skipping package: [Errno 1094995529] Invalid data found when processing input: 'avcodec_send_packet()'
WARNING:aiortc.codecs.h264:H264Decoder() failed to decode, skipping package: [Errno 1094995529] Invalid data found when processing input: 'avcodec_send_packet()'
WARNING:aiortc.codecs.h264:H264Decoder() failed to decode, skipping package: [Errno 1094995529] Invalid data found when processing input: 'avcodec_send_packet()'
WARNING:aiortc.codecs.h264:H264Decoder() failed to decode, skipping package: [Errno 1094995529] Invalid data found when processing input: 'avcodec_send_packet()'
WARNING:aiortc.codecs.h264:H264Decoder() failed to decode, skipping package: [Errno 1094995529] Invalid data found when processing input: 'avcodec_send_packet()'
WARNING:aiortc.codecs.h264:H264Decoder() failed to decode, skipping package: [Errno 1094995529] Invalid data found when processing input: 'avcodec_send_packet()'
WARNING:aiortc.codecs.h264:H264Decoder() failed to decode, skipping package: [Errno 1094995529] Invalid data found when processing input: 'avcodec_send_packet()'
WARNING:aiortc.codecs.h264:H264Decoder() failed to decode, skipping package: [Errno 1094995529] Invalid data found when processing input: 'avcodec_send_packet()'
WARNING:aiortc.codecs.h264:H264Decoder() failed to decode, skipping package: [Errno 1094995529] Invalid data found when processing input: 'avcodec_send_packet()'
WARNING:aiortc.codecs.h264:H264Decoder() failed to decode, skipping package: [Errno 1094995529] Invalid data found when processing input: 'avcodec_send_packet()'
WARNING:aiortc.codecs.h264:H264Decoder() failed to decode, skipping package: [Errno 1094995529] Invalid data found when processing input: 'avcodec_send_packet()'
WARNING:aiortc.codecs.h264:H264Decoder() failed to decode, skipping package: [Errno 1094995529] Invalid data found when processing input: 'avcodec_send_packet()'
WARNING:aiortc.codecs.h264:H264Decoder() failed to decode, skipping package: [Errno 1094995529] Invalid data found when processing input: 'avcodec_send_packet()'
WARNING:aiortc.codecs.h264:H264Decoder() failed to decode, skipping package: [Errno 1094995529] Invalid data found when processing input: 'avcodec_send_packet()'
WARNING:aiortc.codecs.h264:H264Decoder() failed to decode, skipping package: [Errno 1094995529] Invalid data found when processing input: 'avcodec_send_packet()'
WARNING:aiortc.codecs.h264:H264Decoder() failed to decode, skipping package: [Errno 1094995529] Invalid data found when processing input: 'avcodec_send_packet()'
WARNING:aiortc.codecs.h264:H264Decoder() failed to decode, skipping package: [Errno 1094995529] Invalid data found when processing input: 'avcodec_send_packet()'
WARNING:aiortc.codecs.h264:H264Decoder() failed to decode, skipping package: [Errno 1094995529] Invalid data found when processing input: 'avcodec_send_packet()'
WARNING:aiortc.codecs.h264:H264Decoder() failed to decode, skipping package: [Errno 1094995529] Invalid data found when processing input: 'avcodec_send_packet()'
WARNING:aiortc.codecs.h264:H264Decoder() failed to decode, skipping package: [Errno 1094995529] Invalid data found when processing input: 'avcodec_send_packet()'
WARNING:aiortc.codecs.h264:H264Decoder() failed to decode, skipping package: [Errno 1094995529] Invalid data found when processing input: 'avcodec_send_packet()'
WARNING:aiortc.codecs.h264:H264Decoder() failed to decode, skipping package: [Errno 1094995529] Invalid data found when processing input: 'avcodec_send_packet()'
WARNING:aiortc.codecs.h264:H264Decoder() failed to decode, skipping package: [Errno 1094995529] Invalid data found when processing input: 'avcodec_send_packet()'
WARNING:aiortc.codecs.h264:H264Decoder() failed to decode, skipping package: [Errno 1094995529] Invalid data found when processing input: 'avcodec_send_packet()'
WARNING:aiortc.codecs.h264:H264Decoder() failed to decode, skipping package: [Errno 1094995529] Invalid data found when processing input: 'avcodec_send_packet()'
WARNING:aiortc.codecs.h264:H264Decoder() failed to decode, skipping package: [Errno 1094995529] Invalid data found when processing input: 'avcodec_send_packet()'
WARNING:aiortc.codecs.h264:H264Decoder() failed to decode, skipping package: [Errno 1094995529] Invalid data found when processing input: 'avcodec_send_packet()'
WARNING:aiortc.codecs.h264:H264Decoder() failed to decode, skipping package: [Errno 1094995529] Invalid data found when processing input: 'avcodec_send_packet()'
WARNING:aiortc.codecs.h264:H264Decoder() failed to decode, skipping package: [Errno 1094995529] Invalid data found when processing input: 'avcodec_send_packet()'
WARNING:aiortc.codecs.h264:H264Decoder() failed to decode, skipping package: [Errno 1094995529] Invalid data found when processing input: 'avcodec_send_packet()'
WARNING:aiortc.codecs.h264:H264Decoder() failed to decode, skipping package: [Errno 1094995529] Invalid data found when processing input: 'avcodec_send_packet()'
WARNING:aiortc.codecs.h264:H264Decoder() failed to decode, skipping package: [Errno 1094995529] Invalid data found when processing input: 'avcodec_send_packet()'
WARNING:aiortc.codecs.h264:H264Decoder() failed to decode, skipping package: [Errno 1094995529] Invalid data found when processing input: 'avcodec_send_packet()'
WARNING:aiortc.codecs.h264:H264Decoder() failed to decode, skipping package: [Errno 1094995529] Invalid data found when processing input: 'avcodec_send_packet()'
WARNING:aiortc.codecs.h264:H264Decoder() failed to decode, skipping package: [Errno 1094995529] Invalid data found when processing input: 'avcodec_send_packet()'
WARNING:aiortc.codecs.h264:H264Decoder() failed to decode, skipping package: [Errno 1094995529] Invalid data found when processing input: 'avcodec_send_packet()'
WARNING:aiortc.codecs.h264:H264Decoder() failed to decode, skipping package: [Errno 1094995529] Invalid data found when processing input: 'avcodec_send_packet()'
WARNING:aiortc.codecs.h264:H264Decoder() failed to decode, skipping package: [Errno 1094995529] Invalid data found when processing input: 'avcodec_send_packet()'
WARNING:aiortc.codecs.h264:H264Decoder() failed to decode, skipping package: [Errno 1094995529] Invalid data found when processing input: 'avcodec_send_packet()'
WARNING:aiortc.codecs.h264:H264Decoder() failed to decode, skipping package: [Errno 1094995529] Invalid data found when processing input: 'avcodec_send_packet()'
WARNING:aiortc.codecs.h264:H264Decoder() failed to decode, skipping package: [Errno 1094995529] Invalid data found when processing input: 'avcodec_send_packet()'
WARNING:aiortc.codecs.h264:H264Decoder() failed to decode, skipping package: [Errno 1094995529] Invalid data found when processing input: 'avcodec_send_packet()'
WARNING:aiortc.codecs.h264:H264Decoder() failed to decode, skipping package: [Errno 1094995529] Invalid data found when processing input: 'avcodec_send_packet()'
WARNING:aiortc.codecs.h264:H264Decoder() failed to decode, skipping package: [Errno 1094995529] Invalid data found when processing input: 'avcodec_send_packet()'
WARNING:aiortc.codecs.h264:H264Decoder() failed to decode, skipping package: [Errno 1094995529] Invalid data found when processing input: 'avcodec_send_packet()'
WARNING:aiortc.codecs.h264:H264Decoder() failed to decode, skipping package: [Errno 1094995529] Invalid data found when processing input: 'avcodec_send_packet()'
WARNING:aiortc.codecs.h264:H264Decoder() failed to decode, skipping package: [Errno 1094995529] Invalid data found when processing input: 'avcodec_send_packet()'
WARNING:aiortc.codecs.h264:H264Decoder() failed to decode, skipping package: [Errno 1094995529] Invalid data found when processing input: 'avcodec_send_packet()'
WARNING:aiortc.codecs.h264:H264Decoder() failed to decode, skipping package: [Errno 1094995529] Invalid data found when processing input: 'avcodec_send_packet()'
WARNING:aiortc.codecs.h264:H264Decoder() failed to decode, skipping package: [Errno 1094995529] Invalid data found when processing input: 'avcodec_send_packet()'
WARNING:aiortc.codecs.h264:H264Decoder() failed to decode, skipping package: [Errno 1094995529] Invalid data found when processing input: 'avcodec_send_packet()'
WARNING:aiortc.codecs.h264:H264Decoder() failed to decode, skipping package: [Errno 1094995529] Invalid data found when processing input: 'avcodec_send_packet()'
WARNING:aiortc.codecs.h264:H264Decoder() failed to decode, skipping package: [Errno 1094995529] Invalid data found when processing input: 'avcodec_send_packet()'
WARNING:aiortc.codecs.h264:H264Decoder() failed to decode, skipping package: [Errno 1094995529] Invalid data found when processing input: 'avcodec_send_packet()'
WARNING:aiortc.codecs.h264:H264Decoder() failed to decode, skipping package: [Errno 1094995529] Invalid data found when processing input: 'avcodec_send_packet()'
WARNING:aiortc.codecs.h264:H264Decoder() failed to decode, skipping package: [Errno 1094995529] Invalid data found when processing input: 'avcodec_send_packet()'
WARNING:aiortc.codecs.h264:H264Decoder() failed to decode, skipping package: [Errno 1094995529] Invalid data found when processing input: 'avcodec_send_packet()'
WARNING:aiortc.codecs.h264:H264Decoder() failed to decode, skipping package: [Errno 1094995529] Invalid data found when processing input: 'avcodec_send_packet()'
WARNING:aiortc.codecs.h264:H264Decoder() failed to decode, skipping package: [Errno 1094995529] Invalid data found when processing input: 'avcodec_send_packet()'
WARNING:aiortc.codecs.h264:H264Decoder() failed to decode, skipping package: [Errno 1094995529] Invalid data found when processing input: 'avcodec_send_packet()'
WARNING:aiortc.codecs.h264:H264Decoder() failed to decode, skipping package: [Errno 1094995529] Invalid data found when processing input: 'avcodec_send_packet()'
WARNING:aiortc.codecs.h264:H264Decoder() failed to decode, skipping package: [Errno 1094995529] Invalid data found when processing input: 'avcodec_send_packet()'
WARNING:aiortc.codecs.h264:H264Decoder() failed to decode, skipping package: [Errno 1094995529] Invalid data found when processing input: 'avcodec_send_packet()'
WARNING:aiortc.codecs.h264:H264Decoder() failed to decode, skipping package: [Errno 1094995529] Invalid data found when processing input: 'avcodec_send_packet()'
WARNING:aiortc.codecs.h264:H264Decoder() failed to decode, skipping package: [Errno 1094995529] Invalid data found when processing input: 'avcodec_send_packet()'
WARNING:aiortc.codecs.h264:H264Decoder() failed to decode, skipping package: [Errno 1094995529] Invalid data found when processing input: 'avcodec_send_packet()'
WARNING:aiortc.codecs.h264:H264Decoder() failed to decode, skipping package: [Errno 1094995529] Invalid data found when processing input: 'avcodec_send_packet()'
WARNING:aiortc.codecs.h264:H264Decoder() failed to decode, skipping package: [Errno 1094995529] Invalid data found when processing input: 'avcodec_send_packet()'
WARNING:aiortc.codecs.h264:H264Decoder() failed to decode, skipping package: [Errno 1094995529] Invalid data found when processing input: 'avcodec_send_packet()'
WARNING:aiortc.codecs.h264:H264Decoder() failed to decode, skipping package: [Errno 1094995529] Invalid data found when processing input: 'avcodec_send_packet()'
WARNING:aiortc.codecs.h264:H264Decoder() failed to decode, skipping package: [Errno 1094995529] Invalid data found when processing input: 'avcodec_send_packet()'
WARNING:aiortc.codecs.h264:H264Decoder() failed to decode, skipping package: [Errno 1094995529] Invalid data found when processing input: 'avcodec_send_packet()'
WARNING:aiortc.codecs.h264:H264Decoder() failed to decode, skipping package: [Errno 1094995529] Invalid data found when processing input: 'avcodec_send_packet()'
WARNING:aiortc.codecs.h264:H264Decoder() failed to decode, skipping package: [Errno 1094995529] Invalid data found when processing input: 'avcodec_send_packet()'
WARNING:aiortc.codecs.h264:H264Decoder() failed to decode, skipping package: [Errno 1094995529] Invalid data found when processing input: 'avcodec_send_packet()'
WARNING:aiortc.codecs.h264:H264Decoder() failed to decode, skipping package: [Errno 1094995529] Invalid data found when processing input: 'avcodec_send_packet()'
WARNING:aiortc.codecs.h264:H264Decoder() failed to decode, skipping package: [Errno 1094995529] Invalid data found when processing input: 'avcodec_send_packet()'
WARNING:aiortc.codecs.h264:H264Decoder() failed to decode, skipping package: [Errno 1094995529] Invalid data found when processing input: 'avcodec_send_packet()'
WARNING:aiortc.codecs.h264:H264Decoder() failed to decode, skipping package: [Errno 1094995529] Invalid data found when processing input: 'avcodec_send_packet()'
WARNING:aiortc.codecs.h264:H264Decoder() failed to decode, skipping package: [Errno 1094995529] Invalid data found when processing input: 'avcodec_send_packet()'
WARNING:aiortc.codecs.h264:H264Decoder() failed to decode, skipping package: [Errno 1094995529] Invalid data found when processing input: 'avcodec_send_packet()'
WARNING:aiortc.codecs.h264:H264Decoder() failed to decode, skipping package: [Errno 1094995529] Invalid data found when processing input: 'avcodec_send_packet()'
WARNING:aiortc.codecs.h264:H264Decoder() failed to decode, skipping package: [Errno 1094995529] Invalid data found when processing input: 'avcodec_send_packet()'
WARNING:aiortc.codecs.h264:H264Decoder() failed to decode, skipping package: [Errno 1094995529] Invalid data found when processing input: 'avcodec_send_packet()'
WARNING:aiortc.codecs.h264:H264Decoder() failed to decode, skipping package: [Errno 1094995529] Invalid data found when processing input: 'avcodec_send_packet()'
WARNING:aiortc.codecs.h264:H264Decoder() failed to decode, skipping package: [Errno 1094995529] Invalid data found when processing input: 'avcodec_send_packet()'
WARNING:aiortc.codecs.h264:H264Decoder() failed to decode, skipping package: [Errno 1094995529] Invalid data found when processing input: 'avcodec_send_packet()'
WARNING:aiortc.codecs.h264:H264Decoder() failed to decode, skipping package: [Errno 1094995529] Invalid data found when processing input: 'avcodec_send_packet()'
WARNING:aiortc.codecs.h264:H264Decoder() failed to decode, skipping package: [Errno 1094995529] Invalid data found when processing input: 'avcodec_send_packet()'
WARNING:aiortc.codecs.h264:H264Decoder() failed to decode, skipping package: [Errno 1094995529] Invalid data found when processing input: 'avcodec_send_packet()'
WARNING:aiortc.codecs.h264:H264Decoder() failed to decode, skipping package: [Errno 1094995529] Invalid data found when processing input: 'avcodec_send_packet()'
WARNING:aiortc.codecs.h264:H264Decoder() failed to decode, skipping package: [Errno 1094995529] Invalid data found when processing input: 'avcodec_send_packet()'
WARNING:aiortc.codecs.h264:H264Decoder() failed to decode, skipping package: [Errno 1094995529] Invalid data found when processing input: 'avcodec_send_packet()'
WARNING:aiortc.codecs.h264:H264Decoder() failed to decode, skipping package: [Errno 1094995529] Invalid data found when processing input: 'avcodec_send_packet()'
WARNING:aiortc.codecs.h264:H264Decoder() failed to decode, skipping package: [Errno 1094995529] Invalid data found when processing input: 'avcodec_send_packet()'
WARNING:aiortc.codecs.h264:H264Decoder() failed to decode, skipping package: [Errno 1094995529] Invalid data found when processing input: 'avcodec_send_packet()'
WARNING:aiortc.codecs.h264:H264Decoder() failed to decode, skipping package: [Errno 1094995529] Invalid data found when processing input: 'avcodec_send_packet()'
WARNING:aiortc.codecs.h264:H264Decoder() failed to decode, skipping package: [Errno 1094995529] Invalid data found when processing input: 'avcodec_send_packet()'
WARNING:aiortc.codecs.h264:H264Decoder() failed to decode, skipping package: [Errno 1094995529] Invalid data found when processing input: 'avcodec_send_packet()'
WARNING:aiortc.codecs.h264:H264Decoder() failed to decode, skipping package: [Errno 1094995529] Invalid data found when processing input: 'avcodec_send_packet()'
WARNING:aiortc.codecs.h264:H264Decoder() failed to decode, skipping package: [Errno 1094995529] Invalid data found when processing input: 'avcodec_send_packet()'
WARNING:aiortc.codecs.h264:H264Decoder() failed to decode, skipping package: [Errno 1094995529] Invalid data found when processing input: 'avcodec_send_packet()'
WARNING:aiortc.codecs.h264:H264Decoder() failed to decode, skipping package: [Errno 1094995529] Invalid data found when processing input: 'avcodec_send_packet()'
WARNING:aiortc.codecs.h264:H264Decoder() failed to decode, skipping package: [Errno 1094995529] Invalid data found when processing input: 'avcodec_send_packet()'
WARNING:aiortc.codecs.h264:H264Decoder() failed to decode, skipping package: [Errno 1094995529] Invalid data found when processing input: 'avcodec_send_packet()'
WARNING:aiortc.codecs.h264:H264Decoder() failed to decode, skipping package: [Errno 1094995529] Invalid data found when processing input: 'avcodec_send_packet()'
WARNING:aiortc.codecs.h264:H264Decoder() failed to decode, skipping package: [Errno 1094995529] Invalid data found when processing input: 'avcodec_send_packet()'
WARNING:aiortc.codecs.h264:H264Decoder() failed to decode, skipping package: [Errno 1094995529] Invalid data found when processing input: 'avcodec_send_packet()'
WARNING:aiortc.codecs.h264:H264Decoder() failed to decode, skipping package: [Errno 1094995529] Invalid data found when processing input: 'avcodec_send_packet()'
WARNING:aiortc.codecs.h264:H264Decoder() failed to decode, skipping package: [Errno 1094995529] Invalid data found when processing input: 'avcodec_send_packet()'
WARNING:aiortc.codecs.h264:H264Decoder() failed to decode, skipping package: [Errno 1094995529] Invalid data found when processing input: 'avcodec_send_packet()'
WARNING:aiortc.codecs.h264:H264Decoder() failed to decode, skipping package: [Errno 1094995529] Invalid data found when processing input: 'avcodec_send_packet()'
WARNING:aiortc.codecs.h264:H264Decoder() failed to decode, skipping package: [Errno 1094995529] Invalid data found when processing input: 'avcodec_send_packet()'
WARNING:aiortc.codecs.h264:H264Decoder() failed to decode, skipping package: [Errno 1094995529] Invalid data found when processing input: 'avcodec_send_packet()'
WARNING:aiortc.codecs.h264:H264Decoder() failed to decode, skipping package: [Errno 1094995529] Invalid data found when processing input: 'avcodec_send_packet()'
WARNING:aiortc.codecs.h264:H264Decoder() failed to decode, skipping package: [Errno 1094995529] Invalid data found when processing input: 'avcodec_send_packet()'
WARNING:aiortc.codecs.h264:H264Decoder() failed to decode, skipping package: [Errno 1094995529] Invalid data found when processing input: 'avcodec_send_packet()'
WARNING:aiortc.codecs.h264:H264Decoder() failed to decode, skipping package: [Errno 1094995529] Invalid data found when processing input: 'avcodec_send_packet()'
WARNING:aiortc.codecs.h264:H264Decoder() failed to decode, skipping package: [Errno 1094995529] Invalid data found when processing input: 'avcodec_send_packet()'
WARNING:aiortc.codecs.h264:H264Decoder() failed to decode, skipping package: [Errno 1094995529] Invalid data found when processing input: 'avcodec_send_packet()'
WARNING:aiortc.codecs.h264:H264Decoder() failed to decode, skipping package: [Errno 1094995529] Invalid data found when processing input: 'avcodec_send_packet()'
WARNING:aiortc.codecs.h264:H264Decoder() failed to decode, skipping package: [Errno 1094995529] Invalid data found when processing input: 'avcodec_send_packet()'
WARNING:aiortc.codecs.h264:H264Decoder() failed to decode, skipping package: [Errno 1094995529] Invalid data found when processing input: 'avcodec_send_packet()'
WARNING:aiortc.codecs.h264:H264Decoder() failed to decode, skipping package: [Errno 1094995529] Invalid data found when processing input: 'avcodec_send_packet()'
WARNING:aiortc.codecs.h264:H264Decoder() failed to decode, skipping package: [Errno 1094995529] Invalid data found when processing input: 'avcodec_send_packet()'
WARNING:aiortc.codecs.h264:H264Decoder() failed to decode, skipping package: [Errno 1094995529] Invalid data found when processing input: 'avcodec_send_packet()'
WARNING:aiortc.codecs.h264:H264Decoder() failed to decode, skipping package: [Errno 1094995529] Invalid data found when processing input: 'avcodec_send_packet()'
WARNING:aiortc.codecs.h264:H264Decoder() failed to decode, skipping package: [Errno 1094995529] Invalid data found when processing input: 'avcodec_send_packet()'
WARNING:aiortc.codecs.h264:H264Decoder() failed to decode, skipping package: [Errno 1094995529] Invalid data found when processing input: 'avcodec_send_packet()'
WARNING:aiortc.codecs.h264:H264Decoder() failed to decode, skipping package: [Errno 1094995529] Invalid data found when processing input: 'avcodec_send_packet()'
WARNING:aiortc.codecs.h264:H264Decoder() failed to decode, skipping package: [Errno 1094995529] Invalid data found when processing input: 'avcodec_send_packet()'
WARNING:aiortc.codecs.h264:H264Decoder() failed to decode, skipping package: [Errno 1094995529] Invalid data found when processing input: 'avcodec_send_packet()'
WARNING:aiortc.codecs.h264:H264Decoder() failed to decode, skipping package: [Errno 1094995529] Invalid data found when processing input: 'avcodec_send_packet()'
WARNING:aiortc.codecs.h264:H264Decoder() failed to decode, skipping package: [Errno 1094995529] Invalid data found when processing input: 'avcodec_send_packet()'
WARNING:aiortc.codecs.h264:H264Decoder() failed to decode, skipping package: [Errno 1094995529] Invalid data found when processing input: 'avcodec_send_packet()'
WARNING:aiortc.codecs.h264:H264Decoder() failed to decode, skipping package: [Errno 1094995529] Invalid data found when processing input: 'avcodec_send_packet()'
WARNING:aiortc.codecs.h264:H264Decoder() failed to decode, skipping package: [Errno 1094995529] Invalid data found when processing input: 'avcodec_send_packet()'
WARNING:aiortc.codecs.h264:H264Decoder() failed to decode, skipping package: [Errno 1094995529] Invalid data found when processing input: 'avcodec_send_packet()'
WARNING:aiortc.codecs.h264:H264Decoder() failed to decode, skipping package: [Errno 1094995529] Invalid data found when processing input: 'avcodec_send_packet()'
WARNING:aiortc.codecs.h264:H264Decoder() failed to decode, skipping package: [Errno 1094995529] Invalid data found when processing input: 'avcodec_send_packet()'
WARNING:aiortc.codecs.h264:H264Decoder() failed to decode, skipping package: [Errno 1094995529] Invalid data found when processing input: 'avcodec_send_packet()'
WARNING:aiortc.codecs.h264:H264Decoder() failed to decode, skipping package: [Errno 1094995529] Invalid data found when processing input: 'avcodec_send_packet()'
WARNING:aiortc.codecs.h264:H264Decoder() failed to decode, skipping package: [Errno 1094995529] Invalid data found when processing input: 'avcodec_send_packet()'
WARNING:aiortc.codecs.h264:H264Decoder() failed to decode, skipping package: [Errno 1094995529] Invalid data found when processing input: 'avcodec_send_packet()'
WARNING:aiortc.codecs.h264:H264Decoder() failed to decode, skipping package: [Errno 1094995529] Invalid data found when processing input: 'avcodec_send_packet()'
WARNING:aiortc.codecs.h264:H264Decoder() failed to decode, skipping package: [Errno 1094995529] Invalid data found when processing input: 'avcodec_send_packet()'
WARNING:aiortc.codecs.h264:H264Decoder() failed to decode, skipping package: [Errno 1094995529] Invalid data found when processing input: 'avcodec_send_packet()'
WARNING:aiortc.codecs.h264:H264Decoder() failed to decode, skipping package: [Errno 1094995529] Invalid data found when processing input: 'avcodec_send_packet()'
WARNING:aiortc.codecs.h264:H264Decoder() failed to decode, skipping package: [Errno 1094995529] Invalid data found when processing input: 'avcodec_send_packet()'
WARNING:aiortc.codecs.h264:H264Decoder() failed to decode, skipping package: [Errno 1094995529] Invalid data found when processing input: 'avcodec_send_packet()'
WARNING:aiortc.codecs.h264:H264Decoder() failed to decode, skipping package: [Errno 1094995529] Invalid data found when processing input: 'avcodec_send_packet()'
WARNING:aiortc.codecs.h264:H264Decoder() failed to decode, skipping package: [Errno 1094995529] Invalid data found when processing input: 'avcodec_send_packet()'
WARNING:aiortc.codecs.h264:H264Decoder() failed to decode, skipping package: [Errno 1094995529] Invalid data found when processing input: 'avcodec_send_packet()'
WARNING:aiortc.codecs.h264:H264Decoder() failed to decode, skipping package: [Errno 1094995529] Invalid data found when processing input: 'avcodec_send_packet()'
WARNING:aiortc.codecs.h264:H264Decoder() failed to decode, skipping package: [Errno 1094995529] Invalid data found when processing input: 'avcodec_send_packet()'
WARNING:aiortc.codecs.h264:H264Decoder() failed to decode, skipping package: [Errno 1094995529] Invalid data found when processing input: 'avcodec_send_packet()'
WARNING:aiortc.codecs.h264:H264Decoder() failed to decode, skipping package: [Errno 1094995529] Invalid data found when processing input: 'avcodec_send_packet()'
WARNING:aiortc.codecs.h264:H264Decoder() failed to decode, skipping package: [Errno 1094995529] Invalid data found when processing input: 'avcodec_send_packet()'
WARNING:aiortc.codecs.h264:H264Decoder() failed to decode, skipping package: [Errno 1094995529] Invalid data found when processing input: 'avcodec_send_packet()'
WARNING:aiortc.codecs.h264:H264Decoder() failed to decode, skipping package: [Errno 1094995529] Invalid data found when processing input: 'avcodec_send_packet()'
WARNING:aiortc.codecs.h264:H264Decoder() failed to decode, skipping package: [Errno 1094995529] Invalid data found when processing input: 'avcodec_send_packet()'
WARNING:aiortc.codecs.h264:H264Decoder() failed to decode, skipping package: [Errno 1094995529] Invalid data found when processing input: 'avcodec_send_packet()'
WARNING:aiortc.codecs.h264:H264Decoder() failed to decode, skipping package: [Errno 1094995529] Invalid data found when processing input: 'avcodec_send_packet()'
WARNING:aiortc.codecs.h264:H264Decoder() failed to decode, skipping package: [Errno 1094995529] Invalid data found when processing input: 'avcodec_send_packet()'
WARNING:aiortc.codecs.h264:H264Decoder() failed to decode, skipping package: [Errno 1094995529] Invalid data found when processing input: 'avcodec_send_packet()'
WARNING:aiortc.codecs.h264:H264Decoder() failed to decode, skipping package: [Errno 1094995529] Invalid data found when processing input: 'avcodec_send_packet()'
WARNING:aiortc.codecs.h264:H264Decoder() failed to decode, skipping package: [Errno 1094995529] Invalid data found when processing input: 'avcodec_send_packet()'
WARNING:aiortc.codecs.h264:H264Decoder() failed to decode, skipping package: [Errno 1094995529] Invalid data found when processing input: 'avcodec_send_packet()'
WARNING:aiortc.codecs.h264:H264Decoder() failed to decode, skipping package: [Errno 1094995529] Invalid data found when processing input: 'avcodec_send_packet()'
WARNING:aiortc.codecs.h264:H264Decoder() failed to decode, skipping package: [Errno 1094995529] Invalid data found when processing input: 'avcodec_send_packet()'
WARNING:aiortc.codecs.h264:H264Decoder() failed to decode, skipping package: [Errno 1094995529] Invalid data found when processing input: 'avcodec_send_packet()'
WARNING:aiortc.codecs.h264:H264Decoder() failed to decode, skipping package: [Errno 1094995529] Invalid data found when processing input: 'avcodec_send_packet()'
WARNING:aiortc.codecs.h264:H264Decoder() failed to decode, skipping package: [Errno 1094995529] Invalid data found when processing input: 'avcodec_send_packet()'
WARNING:aiortc.codecs.h264:H264Decoder() failed to decode, skipping package: [Errno 1094995529] Invalid data found when processing input: 'avcodec_send_packet()'
WARNING:aiortc.codecs.h264:H264Decoder() failed to decode, skipping package: [Errno 1094995529] Invalid data found when processing input: 'avcodec_send_packet()'
WARNING:aiortc.codecs.h264:H264Decoder() failed to decode, skipping package: [Errno 1094995529] Invalid data found when processing input: 'avcodec_send_packet()'
WARNING:aiortc.codecs.h264:H264Decoder() failed to decode, skipping package: [Errno 1094995529] Invalid data found when processing input: 'avcodec_send_packet()'
WARNING:aiortc.codecs.h264:H264Decoder() failed to decode, skipping package: [Errno 1094995529] Invalid data found when processing input: 'avcodec_send_packet()'
WARNING:aiortc.codecs.h264:H264Decoder() failed to decode, skipping package: [Errno 1094995529] Invalid data found when processing input: 'avcodec_send_packet()'
WARNING:aiortc.codecs.h264:H264Decoder() failed to decode, skipping package: [Errno 1094995529] Invalid data found when processing input: 'avcodec_send_packet()'
WARNING:aiortc.codecs.h264:H264Decoder() failed to decode, skipping package: [Errno 1094995529] Invalid data found when processing input: 'avcodec_send_packet()'
WARNING:aiortc.codecs.h264:H264Decoder() failed to decode, skipping package: [Errno 1094995529] Invalid data found when processing input: 'avcodec_send_packet()'
WARNING:aiortc.codecs.h264:H264Decoder() failed to decode, skipping package: [Errno 1094995529] Invalid data found when processing input: 'avcodec_send_packet()'
WARNING:aiortc.codecs.h264:H264Decoder() failed to decode, skipping package: [Errno 1094995529] Invalid data found when processing input: 'avcodec_send_packet()'
WARNING:aiortc.codecs.h264:H264Decoder() failed to decode, skipping package: [Errno 1094995529] Invalid data found when processing input: 'avcodec_send_packet()'
WARNING:aiortc.codecs.h264:H264Decoder() failed to decode, skipping package: [Errno 1094995529] Invalid data found when processing input: 'avcodec_send_packet()'
WARNING:aiortc.codecs.h264:H264Decoder() failed to decode, skipping package: [Errno 1094995529] Invalid data found when processing input: 'avcodec_send_packet()'
WARNING:aiortc.codecs.h264:H264Decoder() failed to decode, skipping package: [Errno 1094995529] Invalid data found when processing input: 'avcodec_send_packet()'
WARNING:aiortc.codecs.h264:H264Decoder() failed to decode, skipping package: [Errno 1094995529] Invalid data found when processing input: 'avcodec_send_packet()'
WARNING:aiortc.codecs.h264:H264Decoder() failed to decode, skipping package: [Errno 1094995529] Invalid data found when processing input: 'avcodec_send_packet()'
WARNING:aiortc.codecs.h264:H264Decoder() failed to decode, skipping package: [Errno 1094995529] Invalid data found when processing input: 'avcodec_send_packet()'
WARNING:aiortc.codecs.h264:H264Decoder() failed to decode, skipping package: [Errno 1094995529] Invalid data found when processing input: 'avcodec_send_packet()'
WARNING:aiortc.codecs.h264:H264Decoder() failed to decode, skipping package: [Errno 1094995529] Invalid data found when processing input: 'avcodec_send_packet()'
WARNING:aiortc.codecs.h264:H264Decoder() failed to decode, skipping package: [Errno 1094995529] Invalid data found when processing input: 'avcodec_send_packet()'
WARNING:aiortc.codecs.h264:H264Decoder() failed to decode, skipping package: [Errno 1094995529] Invalid data found when processing input: 'avcodec_send_packet()'
WARNING:aiortc.codecs.h264:H264Decoder() failed to decode, skipping package: [Errno 1094995529] Invalid data found when processing input: 'avcodec_send_packet()'
WARNING:aiortc.codecs.h264:H264Decoder() failed to decode, skipping package: [Errno 1094995529] Invalid data found when processing input: 'avcodec_send_packet()'
WARNING:aiortc.codecs.h264:H264Decoder() failed to decode, skipping package: [Errno 1094995529] Invalid data found when processing input: 'avcodec_send_packet()'
WARNING:aiortc.codecs.h264:H264Decoder() failed to decode, skipping package: [Errno 1094995529] Invalid data found when processing input: 'avcodec_send_packet()'
WARNING:aiortc.codecs.h264:H264Decoder() failed to decode, skipping package: [Errno 1094995529] Invalid data found when processing input: 'avcodec_send_packet()'
WARNING:aiortc.codecs.h264:H264Decoder() failed to decode, skipping package: [Errno 1094995529] Invalid data found when processing input: 'avcodec_send_packet()'
WARNING:aiortc.codecs.h264:H264Decoder() failed to decode, skipping package: [Errno 1094995529] Invalid data found when processing input: 'avcodec_send_packet()'
WARNING:aiortc.codecs.h264:H264Decoder() failed to decode, skipping package: [Errno 1094995529] Invalid data found when processing input: 'avcodec_send_packet()'
WARNING:aiortc.codecs.h264:H264Decoder() failed to decode, skipping package: [Errno 1094995529] Invalid data found when processing input: 'avcodec_send_packet()'
WARNING:aiortc.codecs.h264:H264Decoder() failed to decode, skipping package: [Errno 1094995529] Invalid data found when processing input: 'avcodec_send_packet()'
WARNING:aiortc.codecs.h264:H264Decoder() failed to decode, skipping package: [Errno 1094995529] Invalid data found when processing input: 'avcodec_send_packet()'
WARNING:aiortc.codecs.h264:H264Decoder() failed to decode, skipping package: [Errno 1094995529] Invalid data found when processing input: 'avcodec_send_packet()'
WARNING:aiortc.codecs.h264:H264Decoder() failed to decode, skipping package: [Errno 1094995529] Invalid data found when processing input: 'avcodec_send_packet()'
WARNING:aiortc.codecs.h264:H264Decoder() failed to decode, skipping package: [Errno 1094995529] Invalid data found when processing input: 'avcodec_send_packet()'
WARNING:aiortc.codecs.h264:H264Decoder() failed to decode, skipping package: [Errno 1094995529] Invalid data found when processing input: 'avcodec_send_packet()'
WARNING:aiortc.codecs.h264:H264Decoder() failed to decode, skipping package: [Errno 1094995529] Invalid data found when processing input: 'avcodec_send_packet()'
WARNING:aiortc.codecs.h264:H264Decoder() failed to decode, skipping package: [Errno 1094995529] Invalid data found when processing input: 'avcodec_send_packet()'
WARNING:aiortc.codecs.h264:H264Decoder() failed to decode, skipping package: [Errno 1094995529] Invalid data found when processing input: 'avcodec_send_packet()'
WARNING:aiortc.codecs.h264:H264Decoder() failed to decode, skipping package: [Errno 1094995529] Invalid data found when processing input: 'avcodec_send_packet()'
WARNING:aiortc.codecs.h264:H264Decoder() failed to decode, skipping package: [Errno 1094995529] Invalid data found when processing input: 'avcodec_send_packet()'
WARNING:aiortc.codecs.h264:H264Decoder() failed to decode, skipping package: [Errno 1094995529] Invalid data found when processing input: 'avcodec_send_packet()'
WARNING:aiortc.codecs.h264:H264Decoder() failed to decode, skipping package: [Errno 1094995529] Invalid data found when processing input: 'avcodec_send_packet()'
WARNING:aiortc.codecs.h264:H264Decoder() failed to decode, skipping package: [Errno 1094995529] Invalid data found when processing input: 'avcodec_send_packet()'
WARNING:aiortc.codecs.h264:H264Decoder() failed to decode, skipping package: [Errno 1094995529] Invalid data found when processing input: 'avcodec_send_packet()'
WARNING:aiortc.codecs.h264:H264Decoder() failed to decode, skipping package: [Errno 1094995529] Invalid data found when processing input: 'avcodec_send_packet()'
WARNING:aiortc.codecs.h264:H264Decoder() failed to decode, skipping package: [Errno 1094995529] Invalid data found when processing input: 'avcodec_send_packet()'
WARNING:aiortc.codecs.h264:H264Decoder() failed to decode, skipping package: [Errno 1094995529] Invalid data found when processing input: 'avcodec_send_packet()'
WARNING:aiortc.codecs.h264:H264Decoder() failed to decode, skipping package: [Errno 1094995529] Invalid data found when processing input: 'avcodec_send_packet()'
WARNING:aiortc.codecs.h264:H264Decoder() failed to decode, skipping package: [Errno 1094995529] Invalid data found when processing input: 'avcodec_send_packet()'
WARNING:aiortc.codecs.h264:H264Decoder() failed to decode, skipping package: [Errno 1094995529] Invalid data found when processing input: 'avcodec_send_packet()'
WARNING:aiortc.codecs.h264:H264Decoder() failed to decode, skipping package: [Errno 1094995529] Invalid data found when processing input: 'avcodec_send_packet()'
WARNING:aiortc.codecs.h264:H264Decoder() failed to decode, skipping package: [Errno 1094995529] Invalid data found when processing input: 'avcodec_send_packet()'
WARNING:aiortc.codecs.h264:H264Decoder() failed to decode, skipping package: [Errno 1094995529] Invalid data found when processing input: 'avcodec_send_packet()'
WARNING:aiortc.codecs.h264:H264Decoder() failed to decode, skipping package: [Errno 1094995529] Invalid data found when processing input: 'avcodec_send_packet()'
WARNING:aiortc.codecs.h264:H264Decoder() failed to decode, skipping package: [Errno 1094995529] Invalid data found when processing input: 'avcodec_send_packet()'
WARNING:aiortc.codecs.h264:H264Decoder() failed to decode, skipping package: [Errno 1094995529] Invalid data found when processing input: 'avcodec_send_packet()'
WARNING:aiortc.codecs.h264:H264Decoder() failed to decode, skipping package: [Errno 1094995529] Invalid data found when processing input: 'avcodec_send_packet()'
WARNING:aiortc.codecs.h264:H264Decoder() failed to decode, skipping package: [Errno 1094995529] Invalid data found when processing input: 'avcodec_send_packet()'
WARNING:aiortc.codecs.h264:H264Decoder() failed to decode, skipping package: [Errno 1094995529] Invalid data found when processing input: 'avcodec_send_packet()'
WARNING:aiortc.codecs.h264:H264Decoder() failed to decode, skipping package: [Errno 1094995529] Invalid data found when processing input: 'avcodec_send_packet()'
WARNING:aiortc.codecs.h264:H264Decoder() failed to decode, skipping package: [Errno 1094995529] Invalid data found when processing input: 'avcodec_send_packet()'
WARNING:aiortc.codecs.h264:H264Decoder() failed to decode, skipping package: [Errno 1094995529] Invalid data found when processing input: 'avcodec_send_packet()'
WARNING:aiortc.codecs.h264:H264Decoder() failed to decode, skipping package: [Errno 1094995529] Invalid data found when processing input: 'avcodec_send_packet()'
WARNING:aiortc.codecs.h264:H264Decoder() failed to decode, skipping package: [Errno 1094995529] Invalid data found when processing input: 'avcodec_send_packet()'
WARNING:aiortc.codecs.h264:H264Decoder() failed to decode, skipping package: [Errno 1094995529] Invalid data found when processing input: 'avcodec_send_packet()'
WARNING:aiortc.codecs.h264:H264Decoder() failed to decode, skipping package: [Errno 1094995529] Invalid data found when processing input: 'avcodec_send_packet()'
WARNING:aiortc.codecs.h264:H264Decoder() failed to decode, skipping package: [Errno 1094995529] Invalid data found when processing input: 'avcodec_send_packet()'
WARNING:aiortc.codecs.h264:H264Decoder() failed to decode, skipping package: [Errno 1094995529] Invalid data found when processing input: 'avcodec_send_packet()'
WARNING:aiortc.codecs.h264:H264Decoder() failed to decode, skipping package: [Errno 1094995529] Invalid data found when processing input: 'avcodec_send_packet()'
WARNING:aiortc.codecs.h264:H264Decoder() failed to decode, skipping package: [Errno 1094995529] Invalid data found when processing input: 'avcodec_send_packet()'
